2024-07-31 13:34:32 Loading main app package /usr/lib/obsidian/obsidian.asar
2024-07-31 13:34:35 Checking for update using Github
2024-07-31 13:34:38 Success.
2024-07-31 13:34:38 Latest version is 1.6.7
2024-07-31 13:34:38 App is up to date.
2024-07-31 14:18:32 Loading main app package /usr/lib/obsidian/obsidian.asar
2024-07-31 14:18:33 Checking for update using Github
2024-07-31 14:18:33 Success.
2024-07-31 14:18:33 Latest version is 1.6.7
2024-07-31 14:18:33 App is up to date.
2024-07-31 14:19:57 Loading main app package /usr/lib/obsidian/obsidian.asar
2024-07-31 14:19:57 Checking for update using Github
2024-07-31 14:19:57 Success.
2024-07-31 14:19:57 Latest version is 1.6.7
2024-07-31 14:19:57 App is up to date.
2024-07-31 14:28:50 Loading main app package /usr/lib/obsidian/obsidian.asar
2024-07-31 14:28:50 Checking for update using Github
2024-07-31 14:28:51 Success.
2024-07-31 14:28:51 Latest version is 1.6.7
2024-07-31 14:28:51 App is up to date.
2024-07-31 14:32:04 Loading main app package /usr/lib/obsidian/obsidian.asar
2024-07-31 14:32:04 Checking for update using Github
2024-07-31 14:32:04 Success.
2024-07-31 14:32:04 Latest version is 1.6.7
2024-07-31 14:32:04 App is up to date.
2024-07-31 15:32:04 Checking for update using Github
2024-07-31 15:32:04 Success.
2024-07-31 15:32:04 Latest version is 1.6.7
2024-07-31 15:32:04 App is up to date.
2024-07-31 16:32:04 Checking for update using Github
2024-07-31 16:32:04 Success.
2024-07-31 16:32:04 Latest version is 1.6.7
2024-07-31 16:32:04 App is up to date.
2024-08-01 07:46:28 Loading main app package /usr/lib/obsidian/obsidian.asar
2024-08-01 07:46:30 Checking for update using Github
2024-08-01 07:46:31 Success.
2024-08-01 07:46:31 Latest version is 1.6.7
2024-08-01 07:46:31 App is up to date.
2024-08-01 08:46:28 Checking for update using Github
2024-08-01 08:46:28 Success.
2024-08-01 08:46:28 Latest version is 1.6.7
2024-08-01 08:46:28 App is up to date.
2024-08-01 09:46:28 Checking for update using Github
2024-08-01 09:46:28 Success.
2024-08-01 09:46:28 Latest version is 1.6.7
2024-08-01 09:46:28 App is up to date.
2024-08-01 10:46:28 Checking for update using Github
2024-08-01 10:46:28 Success.
2024-08-01 10:46:28 Latest version is 1.6.7
2024-08-01 10:46:28 App is up to date.
2024-08-01 11:46:28 Checking for update using Github
2024-08-01 11:46:29 Success.
2024-08-01 11:46:29 Latest version is 1.6.7
2024-08-01 11:46:29 App is up to date.
2024-08-01 12:46:29 Checking for update using Github
2024-08-01 12:46:29 Success.
2024-08-01 12:46:29 Latest version is 1.6.7
2024-08-01 12:46:29 App is up to date.
2024-08-01 13:37:05 Loading main app package /usr/lib/obsidian/obsidian.asar
2024-08-01 13:37:09 Checking for update using Github
2024-08-01 13:37:11 Success.
2024-08-01 13:37:11 Latest version is 1.6.7
2024-08-01 13:37:11 App is up to date.
2024-08-01 14:37:05 Checking for update using Github
2024-08-01 14:37:06 Success.
2024-08-01 14:37:06 Latest version is 1.6.7
2024-08-01 14:37:06 App is up to date.
2024-08-01 16:25:44 Loading main app package /usr/lib/obsidian/obsidian.asar
2024-08-01 16:25:51 Checking for update using Github
2024-08-01 16:25:54 Success.
2024-08-01 16:25:54 Latest version is 1.6.7
2024-08-01 16:25:54 App is up to date.
2024-08-01 18:34:49 Loading main app package /usr/lib/obsidian/obsidian.asar
2024-08-01 18:34:52 Checking for update using Github
2024-08-01 18:34:54 Success.
2024-08-01 18:34:54 Latest version is 1.6.7
2024-08-01 18:34:54 App is up to date.
2024-08-01 19:34:49 Checking for update using Github
2024-08-01 19:34:49 Success.
2024-08-01 19:34:49 Latest version is 1.6.7
2024-08-01 19:34:49 App is up to date.
2024-08-02 06:32:11 Loading main app package /usr/lib/obsidian/obsidian.asar
2024-08-02 06:32:14 Checking for update using Github
2024-08-02 06:32:15 Success.
2024-08-02 06:32:15 Latest version is 1.6.7
2024-08-02 06:32:15 App is up to date.
2024-08-02 07:32:11 Checking for update using Github
2024-08-02 07:32:11 Success.
2024-08-02 07:32:11 Latest version is 1.6.7
2024-08-02 07:32:11 App is up to date.
2024-08-02 08:32:11 Checking for update using Github
2024-08-02 08:32:11 Success.
2024-08-02 08:32:11 Latest version is 1.6.7
2024-08-02 08:32:11 App is up to date.
2024-08-02 09:32:11 Checking for update using Github
2024-08-02 09:32:11 Success.
2024-08-02 09:32:11 Latest version is 1.6.7
2024-08-02 09:32:11 App is up to date.
2024-08-02 10:32:11 Checking for update using Github
2024-08-02 10:32:11 Success.
2024-08-02 10:32:11 Latest version is 1.6.7
2024-08-02 10:32:11 App is up to date.
2024-08-02 11:32:11 Checking for update using Github
2024-08-02 11:32:11 Success.
2024-08-02 11:32:11 Latest version is 1.6.7
2024-08-02 11:32:11 App is up to date.
2024-08-02 12:32:11 Checking for update using Github
2024-08-02 12:32:11 Success.
2024-08-02 12:32:11 Latest version is 1.6.7
2024-08-02 12:32:11 App is up to date.
2024-08-02 13:32:11 Checking for update using Github
2024-08-02 13:32:11 Success.
2024-08-02 13:32:11 Latest version is 1.6.7
2024-08-02 13:32:11 App is up to date.
